# JRE version: Java(TM) SE Runtime Environment (8.0_181-b13) (build 1.8.0_181-b13)
# Java VM: Java HotSpot(TM) 64-Bit Server VM (25.181-b13 mixed mode windows-amd64 compressed oops)
Heap:
 PSYoungGen      total 75776K, used 65622K [0x000000076bb00000, 0x0000000772780000, 0x00000007c0000000)
  eden space 65024K, 84% used [0x000000076bb00000,0x000000076f09d950,0x000000076fa80000)
  from space 10752K, 99% used [0x0000000770500000,0x0000000770f78020,0x0000000770f80000)
  to   space 10752K, 0% used [0x000000076fa80000,0x000000076fa80000,0x0000000770500000)
 ParOldGen       total 122368K, used 12854K [0x00000006c3000000, 0x00000006ca780000, 0x000000076bb00000)
  object space 122368K, 10% used [0x00000006c3000000,0x00000006c3c8d840,0x00000006ca780000)
 Metaspace       used 26846K, capacity 28382K, committed 28544K, reserved 1073152K
  class space    used 3543K, capacity 3852K, committed 3968K, reserved 1048576K
GC Heap History (10 events):
Event: 1.701 GC heap before
{Heap before GC invocations=1 (full 0):
 PSYoungGen      total 75776K, used 65024K [0x000000076bb00000, 0x0000000770f80000, 0x00000007c0000000)
  eden space 65024K, 100% used [0x000000076bb00000,0x000000076fa80000,0x000000076fa80000)
  from space 10752K, 0% used [0x0000000770500000,0x0000000770500000,0x0000000770f80000)
  to   space 10752K, 0% used [0x000000076fa80000,0x000000076fa80000,0x0000000770500000)
 ParOldGen       total 173568K, used 0K [0x00000006c3000000, 0x00000006cd980000, 0x000000076bb00000)
  object space 173568K, 0% used [0x00000006c3000000,0x00000006c3000000,0x00000006cd980000)
 Metaspace       used 13019K, capacity 13414K, committed 13824K, reserved 1060864K
  class space    used 1528K, capacity 1666K, committed 1792K, reserved 1048576K
Event: 1.713 GC heap after
Heap after GC invocations=1 (full 0):
 PSYoungGen      total 75776K, used 3337K [0x000000076bb00000, 0x0000000770f80000, 0x00000007c0000000)
  eden space 65024K, 0% used [0x000000076bb00000,0x000000076bb00000,0x000000076fa80000)
  from space 10752K, 31% used [0x000000076fa80000,0x000000076fdc2670,0x0000000770500000)
  to   space 10752K, 0% used [0x0000000770500000,0x0000000770500000,0x0000000770f80000)
 ParOldGen       total 173568K, used 80K [0x00000006c3000000, 0x00000006cd980000, 0x000000076bb00000)
  object space 173568K, 0% used [0x00000006c3000000,0x00000006c3014010,0x00000006cd980000)
 Metaspace       used 13019K, capacity 13414K, committed 13824K, reserved 1060864K
  class space    used 1528K, capacity 1666K, committed 1792K, reserved 1048576K
}
Event: 3.404 GC heap before
{Heap before GC invocations=2 (full 0):
 PSYoungGen      total 75776K, used 68361K [0x000000076bb00000, 0x0000000770f80000, 0x00000007c0000000)
  eden space 65024K, 100% used [0x000000076bb00000,0x000000076fa80000,0x000000076fa80000)
  from space 10752K, 31% used [0x000000076fa80000,0x000000076fdc2670,0x0000000770500000)
  to   space 10752K, 0% used [0x0000000770500000,0x0000000770500000,0x0000000770f80000)
 ParOldGen       total 173568K, used 80K [0x00000006c3000000, 0x00000006cd980000, 0x000000076bb00000)
  object space 173568K, 0% used [0x00000006c3000000,0x00000006c3014010,0x00000006cd980000)
 Metaspace       used 15931K, capacity 16510K, committed 16768K, reserved 1064960K
  class space    used 2000K, capacity 2150K, committed 2176K, reserved 1048576K
Event: 3.413 GC heap after
Heap after GC invocations=2 (full 0):
 PSYoungGen      total 75776K, used 10286K [0x000000076bb00000, 0x0000000770f80000, 0x00000007c0000000)
  eden space 65024K, 0% used [0x000000076bb00000,0x000000076bb00000,0x000000076fa80000)
  from space 10752K, 95% used [0x0000000770500000,0x0000000770f0b808,0x0000000770f80000)
  to   space 10752K, 0% used [0x000000076fa80000,0x000000076fa80000,0x0000000770500000)
 ParOldGen       total 173568K, used 88K [0x00000006c3000000, 0x00000006cd980000, 0x000000076bb00000)
  object space 173568K, 0% used [0x00000006c3000000,0x00000006c3016010,0x00000006cd980000)
 Metaspace       used 15931K, capacity 16510K, committed 16768K, reserved 1064960K
  class space    used 2000K, capacity 2150K, committed 2176K, reserved 1048576K
}
Event: 4.186 GC heap before
{Heap before GC invocations=3 (full 0):
 PSYoungGen      total 75776K, used 52093K [0x000000076bb00000, 0x0000000770f80000, 0x00000007c0000000)
  eden space 65024K, 64% used [0x000000076bb00000,0x000000076e3d3ed0,0x000000076fa80000)
  from space 10752K, 95% used [0x0000000770500000,0x0000000770f0b808,0x0000000770f80000)
  to   space 10752K, 0% used [0x000000076fa80000,0x000000076fa80000,0x0000000770500000)
 ParOldGen       total 173568K, used 88K [0x00000006c3000000, 0x00000006cd980000, 0x000000076bb00000)
  object space 173568K, 0% used [0x00000006c3000000,0x00000006c3016010,0x00000006cd980000)
 Metaspace       used 20453K, capacity 21200K, committed 21296K, reserved 1067008K
  class space    used 2676K, capacity 2897K, committed 2944K, reserved 1048576K
Event: 4.197 GC heap after
Heap after GC invocations=3 (full 0):
 PSYoungGen      total 75776K, used 10732K [0x000000076bb00000, 0x0000000770f80000, 0x00000007c0000000)
  eden space 65024K, 0% used [0x000000076bb00000,0x000000076bb00000,0x000000076fa80000)
  from space 10752K, 99% used [0x000000076fa80000,0x00000007704fb010,0x0000000770500000)
  to   space 10752K, 0% used [0x0000000770500000,0x0000000770500000,0x0000000770f80000)
 ParOldGen       total 173568K, used 1674K [0x00000006c3000000, 0x00000006cd980000, 0x000000076bb00000)
  object space 173568K, 0% used [0x00000006c3000000,0x00000006c31a2b40,0x00000006cd980000)
 Metaspace       used 20453K, capacity 21200K, committed 21296K, reserved 1067008K
  class space    used 2676K, capacity 2897K, committed 2944K, reserved 1048576K
}
Event: 4.197 GC heap before
{Heap before GC invocations=4 (full 1):
 PSYoungGen      total 75776K, used 10732K [0x000000076bb00000, 0x0000000770f80000, 0x00000007c0000000)
  eden space 65024K, 0% used [0x000000076bb00000,0x000000076bb00000,0x000000076fa80000)
  from space 10752K, 99% used [0x000000076fa80000,0x00000007704fb010,0x0000000770500000)
  to   space 10752K, 0% used [0x0000000770500000,0x0000000770500000,0x0000000770f80000)
 ParOldGen       total 173568K, used 1674K [0x00000006c3000000, 0x00000006cd980000, 0x000000076bb00000)
  object space 173568K, 0% used [0x00000006c3000000,0x00000006c31a2b40,0x00000006cd980000)
 Metaspace       used 20453K, capacity 21200K, committed 21296K, reserved 1067008K
  class space    used 2676K, capacity 2897K, committed 2944K, reserved 1048576K
Event: 4.266 GC heap after
Heap after GC invocations=4 (full 1):
 PSYoungGen      total 75776K, used 0K [0x000000076bb00000, 0x0000000770f80000, 0x00000007c0000000)
  eden space 65024K, 0% used [0x000000076bb00000,0x000000076bb00000,0x000000076fa80000)
  from space 10752K, 0% used [0x000000076fa80000,0x000000076fa80000,0x0000000770500000)
  to   space 10752K, 0% used [0x0000000770500000,0x0000000770500000,0x0000000770f80000)
 ParOldGen       total 122368K, used 12333K [0x00000006c3000000, 0x00000006ca780000, 0x000000076bb00000)
  object space 122368K, 10% used [0x00000006c3000000,0x00000006c3c0b748,0x00000006ca780000)
 Metaspace       used 20453K, capacity 21200K, committed 21296K, reserved 1067008K
  class space    used 2676K, capacity 2897K, committed 2944K, reserved 1048576K
}
Event: 6.615 GC heap before
{Heap before GC invocations=5 (full 1):
 PSYoungGen      total 75776K, used 61842K [0x000000076bb00000, 0x0000000770f80000, 0x00000007c0000000)
  eden space 65024K, 95% used [0x000000076bb00000,0x000000076f7649e0,0x000000076fa80000)
  from space 10752K, 0% used [0x000000076fa80000,0x000000076fa80000,0x0000000770500000)
  to   space 10752K, 0% used [0x0000000770500000,0x0000000770500000,0x0000000770f80000)
 ParOldGen       total 122368K, used 12333K [0x00000006c3000000, 0x00000006ca780000, 0x000000076bb00000)
  object space 122368K, 10% used [0x00000006c3000000,0x00000006c3c0b748,0x00000006ca780000)
 Metaspace       used 23872K, capacity 25058K, committed 25216K, reserved 1071104K
  class space    used 3155K, capacity 3420K, committed 3456K, reserved 1048576K
Event: 6.650 GC heap after
Heap after GC invocations=5 (full 1):
 PSYoungGen      total 75776K, used 10720K [0x000000076bb00000, 0x0000000772780000, 0x00000007c0000000)
  eden space 65024K, 0% used [0x000000076bb00000,0x000000076bb00000,0x000000076fa80000)
  from space 10752K, 99% used [0x0000000770500000,0x0000000770f78020,0x0000000770f80000)
  to   space 10752K, 0% used [0x000000076fa80000,0x000000076fa80000,0x0000000770500000)
 ParOldGen       total 122368K, used 12854K [0x00000006c3000000, 0x00000006ca780000, 0x000000076bb00000)
  object space 122368K, 10% used [0x00000006c3000000,0x00000006c3c8d840,0x00000006ca780000)
 Metaspace       used 23872K, capacity 25058K, committed 25216K, reserved 1071104K
  class space    used 3155K, capacity 3420K, committed 3456K, reserved 1048576K
}

